# JRE version: OpenJDK Runtime Environment (11.0.3+7) (build 11.0.3+7-Ubuntu-1ubuntu218.04.1)
# Java VM: OpenJDK 64-Bit Server VM (11.0.3+7-Ubuntu-1ubuntu218.04.1, mixed mode, sharing, tiered, compressed oops, g1 gc, linux-amd64)
Heap:
 garbage-first heap   total 523264K, used 92075K [0x00000000a0000000, 0x0000000100000000)
  region size 1024K, 8 young (8192K), 8 survivors (8192K)
 Metaspace       used 96289K, capacity 102629K, committed 102832K, reserved 1134592K
  class space    used 14409K, capacity 17818K, committed 17920K, reserved 1048576K
GC Heap History (10 events):
Event: 46.257 GC heap after
{Heap after GC invocations=74 (full 2):
 garbage-first heap   total 246784K, used 88082K [0x00000000a0000000, 0x0000000100000000)
  region size 1024K, 5 young (5120K), 5 survivors (5120K)
 Metaspace       used 95810K, capacity 102101K, committed 102448K, reserved 1134592K
  class space    used 14340K, capacity 17745K, committed 17792K, reserved 1048576K
}
Event: 46.508 GC heap before
{Heap before GC invocations=75 (full 2):
 garbage-first heap   total 246784K, used 186386K [0x00000000a0000000, 0x0000000100000000)
  region size 1024K, 101 young (103424K), 5 survivors (5120K)
 Metaspace       used 95811K, capacity 102101K, committed 102448K, reserved 1134592K
  class space    used 14340K, capacity 17745K, committed 17792K, reserved 1048576K
}
Event: 46.513 GC heap after
{Heap after GC invocations=76 (full 2):
 garbage-first heap   total 246784K, used 88470K [0x00000000a0000000, 0x0000000100000000)
  region size 1024K, 6 young (6144K), 6 survivors (6144K)
 Metaspace       used 95811K, capacity 102101K, committed 102448K, reserved 1134592K
  class space    used 14340K, capacity 17745K, committed 17792K, reserved 1048576K
}
Event: 46.938 GC heap before
{Heap before GC invocations=76 (full 2):
 garbage-first heap   total 246784K, used 193942K [0x00000000a0000000, 0x0000000100000000)
  region size 1024K, 109 young (111616K), 6 survivors (6144K)
 Metaspace       used 95811K, capacity 102101K, committed 102448K, reserved 1134592K
  class space    used 14340K, capacity 17745K, committed 17792K, reserved 1048576K
}
Event: 46.942 GC heap after
{Heap after GC invocations=77 (full 2):
 garbage-first heap   total 246784K, used 89485K [0x00000000a0000000, 0x0000000100000000)
  region size 1024K, 7 young (7168K), 7 survivors (7168K)
 Metaspace       used 95811K, capacity 102101K, committed 102448K, reserved 1134592K
  class space    used 14340K, capacity 17745K, committed 17792K, reserved 1048576K
}
Event: 47.260 GC heap before
{Heap before GC invocations=77 (full 2):
 garbage-first heap   total 246784K, used 207245K [0x00000000a0000000, 0x0000000100000000)
  region size 1024K, 122 young (124928K), 7 survivors (7168K)
 Metaspace       used 95811K, capacity 102101K, committed 102448K, reserved 1134592K
  class space    used 14340K, capacity 17745K, committed 17792K, reserved 1048576K
}
Event: 47.264 GC heap after
{Heap after GC invocations=78 (full 2):
 garbage-first heap   total 246784K, used 89616K [0x00000000a0000000, 0x0000000100000000)
  region size 1024K, 6 young (6144K), 6 survivors (6144K)
 Metaspace       used 95811K, capacity 102101K, committed 102448K, reserved 1134592K
  class space    used 14340K, capacity 17745K, committed 17792K, reserved 1048576K
}
Event: 52.160 GC heap before
{Heap before GC invocations=78 (full 2):
 garbage-first heap   total 246784K, used 212496K [0x00000000a0000000, 0x0000000100000000)
  region size 1024K, 126 young (129024K), 6 survivors (6144K)
 Metaspace       used 95815K, capacity 102101K, committed 102448K, reserved 1134592K
  class space    used 14340K, capacity 17745K, committed 17792K, reserved 1048576K
}
Event: 52.524 GC heap after
{Heap after GC invocations=79 (full 2):
 garbage-first heap   total 246784K, used 90757K [0x00000000a0000000, 0x0000000100000000)
  region size 1024K, 7 young (7168K), 7 survivors (7168K)
 Metaspace       used 95815K, capacity 102101K, committed 102448K, reserved 1134592K
  class space    used 14340K, capacity 17745K, committed 17792K, reserved 1048576K
}
Event: 282.793 GC heap before
{Heap before GC invocations=79 (full 2):
 garbage-first heap   total 246784K, used 210565K [0x00000000a0000000, 0x0000000100000000)
  region size 1024K, 125 young (128000K), 7 survivors (7168K)
 Metaspace       used 96289K, capacity 102629K, committed 102832K, reserved 1134592K
  class space    used 14409K, capacity 17818K, committed 17920K, reserved 1048576K
}

